	CarID 	 Direction 	 Arrival-Time 	 Cross-Time 	 Wait-Time 
------------------------------------------------------------------------
	 0 	 N 	 23:42:50 2021
  23:42:50 2021
 	 0 
	 4 	 N 	 23:42:50 2021
  23:42:51 2021
 	 1 
	 2 	 S 	 23:42:50 2021
 	 23:42:52 2021
 	 2 
	 5 	 S 	 23:42:50 2021
 	 23:42:53 2021
 	 3 
	 7 	 S 	 23:42:52 2021
 	 23:42:54 2021
 	 2 
	 11 	 S 	 23:42:54 2021
 	 23:42:55 2021
 	 1 
	 1 	 E 	 23:42:50 2021
 	 23:42:56 2021
 	 6 
	 6 	 E 	 23:42:52 2021
 	 23:42:57 2021
 	 5 
	 3 	 W 	 23:42:50 2021
 	 23:42:58 2021
 	 8 
	 10 	 E 	 23:42:53 2021
 	 23:42:59 2021
 	 6 
	 8 	 W 	 23:42:52 2021
 	 23:43:00 2021
 	 8 
	 9 	 W 	 23:42:53 2021
 	 23:43:01 2021
 	 8 
	 11 	 W 	 23:42:54 2021
 	 23:43:02 2021
 	 8 
	 13 	 S 	 23:42:57 2021
 	 23:43:03 2021
 	 6 
	 15 	 S 	 23:42:58 2021
 	 23:43:04 2021
 	 6 
	 12 	 E 	 23:42:55 2021
 	 23:43:05 2021
 	 10 
	 17 	 S 	 23:42:59 2021
 	 23:43:06 2021
 	 7 
	 20 	 S 	 23:43:01 2021
 	 23:43:07 2021
 	 6 
	 13 	 E 	 23:42:57 2021
 	 23:43:08 2021
 	 11 
	 15 	 E 	 23:42:58 2021
 	 23:43:09 2021
 	 11 
	 16 	 W 	 23:42:58 2021
 	 23:43:10 2021
 	 12 
	 21 	 S 	 23:43:03 2021
 	 23:43:11 2021
 	 8 
	 19 	 W 	 23:42:59 2021
 	 23:43:12 2021
 	 13 
	 22 	 W 	 23:43:03 2021
 	 23:43:13 2021
 	 10 
	 26 	 W 	 23:43:06 2021
 	 23:43:14 2021
 	 8 
	 28 	 W 	 23:43:08 2021
 	 23:43:15 2021
 	 7 
	 17 	 E 	 23:42:59 2021
 	 23:43:16 2021
 	 17 
	 23 	 S 	 23:43:04 2021
 	 23:43:17 2021
 	 13 
	 32 	 W 	 23:43:10 2021
 	 23:43:18 2021
 	 8 
	 24 	 E 	 23:43:05 2021
 	 23:43:19 2021
 	 14 
	 33 	 W 	 23:43:12 2021
 	 23:43:20 2021
 	 8 
	 28 	 E 	 23:43:08 2021
 	 23:43:21 2021
 	 13 
	 24 	 S 	 23:43:05 2021
 	 23:43:22 2021
 	 17 
	 34 	 W 	 23:43:13 2021
 	 23:43:23 2021
 	 10 
	 37 	 W 	 23:43:17 2021
 	 23:43:24 2021
 	 7 
	 38 	 W 	 23:43:18 2021
 	 23:43:25 2021
 	 7 
	 40 	 W 	 23:43:20 2021
 	 23:43:26 2021
 	 6 
	 27 	 S 	 23:43:08 2021
 	 23:43:27 2021
 	 19 
	 30 	 E 	 23:43:09 2021
 	 23:43:28 2021
 	 19 
	 31 	 S 	 23:43:10 2021
 	 23:43:29 2021
 	 19 
	 41 	 W 	 23:43:21 2021
 	 23:43:30 2021
 	 9 
	 35 	 E 	 23:43:15 2021
 	 23:43:31 2021
 	 16 
	 35 	 S 	 23:43:15 2021
 	 23:43:32 2021
 	 17 
	 39 	 E 	 23:43:19 2021
 	 23:43:33 2021
 	 14 
	 41 	 S 	 23:43:21 2021
 	 23:43:34 2021
 	 13 
	 41 	 E 	 23:43:21 2021
 	 23:43:35 2021
 	 14 
	 47 	 E 	 23:43:26 2021
 	 23:43:36 2021
 	 10 
	 45 	 S 	 23:43:25 2021
 	 23:43:37 2021
 	 12 
	 42 	 W 	 23:43:22 2021
 	 23:43:38 2021
 	 16 
	 48 	 S 	 23:43:27 2021
 	 23:43:39 2021
 	 12 
	 50 	 S 	 23:43:29 2021
 	 23:43:40 2021
 	 11 
	 43 	 W 	 23:43:23 2021
 	 23:43:41 2021
 	 18 
	 49 	 E 	 23:43:29 2021
 	 23:43:42 2021
 	 13 
	 51 	 S 	 23:43:30 2021
 	 23:43:43 2021
 	 13 
	 44 	 W 	 23:43:24 2021
 	 23:43:44 2021
 	 20 
	 46 	 W 	 23:43:25 2021
 	 23:43:45 2021
 	 20 
	 50 	 W 	 23:43:29 2021
 	 23:43:46 2021
 	 17 
	 53 	 S 	 23:43:31 2021
 	 23:43:47 2021
 	 16 
	 51 	 E 	 23:43:30 2021
 	 23:43:48 2021
 	 18 
	 53 	 E 	 23:43:31 2021
 	 23:43:49 2021
 	 18 
	 51 	 W 	 23:43:30 2021
 	 23:43:50 2021
 	 20 
	 55 	 E 	 23:43:34 2021
 	 23:43:51 2021
 	 17 
	 57 	 W 	 23:43:34 2021
 	 23:43:52 2021
 	 18 
	 56 	 S 	 23:43:34 2021
 	 23:43:53 2021
 	 19 
	 60 	 S 	 23:43:36 2021
 	 23:43:54 2021
 	 18 
	 61 	 S 	 23:43:37 2021
 	 23:43:55 2021
 	 18 
	 58 	 E 	 23:43:35 2021
 	 23:43:56 2021
 	 21 
	 59 	 E 	 23:43:36 2021
 	 23:43:57 2021
 	 21 
	 61 	 W 	 23:43:37 2021
 	 23:43:58 2021
 	 21 
	 64 	 E 	 23:43:40 2021
 	 23:43:59 2021
 	 19 
	 66 	 E 	 23:43:41 2021
 	 23:44:00 2021
 	 19 
	 68 	 E 	 23:43:42 2021
 	 23:44:01 2021
 	 19 
	 62 	 S 	 23:43:38 2021
 	 23:44:02 2021
 	 24 
	 64 	 S 	 23:43:40 2021
 	 23:44:03 2021
 	 23 
	 66 	 S 	 23:43:41 2021
 	 23:44:04 2021
 	 23 
	 74 	 E 	 23:43:48 2021
 	 23:44:05 2021
 	 17 
	 68 	 S 	 23:43:42 2021
 	 23:44:06 2021
 	 24 
	 71 	 S 	 23:43:44 2021
 	 23:44:07 2021
 	 23 
	 62 	 W 	 23:43:38 2021
 	 23:44:08 2021
 	 30 
	 75 	 E 	 23:43:49 2021
 	 23:44:09 2021
 	 20 
	 76 	 E 	 23:43:50 2021
 	 23:44:10 2021
 	 20 
	 77 	 S 	 23:43:50 2021
 	 23:44:11 2021
 	 21 
	 84 	 E 	 23:43:56 2021
 	 23:44:12 2021
 	 16 
	 82 	 S 	 23:43:53 2021
 	 23:44:13 2021
 	 20 
	 67 	 W 	 23:43:41 2021
 	 23:44:14 2021
 	 33 
	 83 	 S 	 23:43:54 2021
 	 23:44:15 2021
 	 21 
	 68 	 W 	 23:43:42 2021
 	 23:44:16 2021
 	 34 
	 85 	 E 	 23:43:57 2021
 	 23:44:17 2021
 	 20 
	 87 	 S 	 23:43:58 2021
 	 23:44:18 2021
 	 20 
	 90 	 S 	 23:44:02 2021
 	 23:44:19 2021
 	 17 
	 70 	 W 	 23:43:44 2021
 	 23:44:20 2021
 	 36 
	 86 	 E 	 23:43:58 2021
 	 23:44:21 2021
 	 23 
	 91 	 S 	 23:44:03 2021
 	 23:44:22 2021
 	 19 
	 72 	 W 	 23:43:45 2021
 	 23:44:23 2021
 	 38 
	 88 	 E 	 23:43:59 2021
 	 23:44:24 2021
 	 25 
	 92 	 S 	 23:44:05 2021
 	 23:44:25 2021
 	 20 
	 94 	 S 	 23:44:06 2021
 	 23:44:26 2021
 	 20 
	 89 	 E 	 23:44:01 2021
 	 23:44:27 2021
 	 26 
	 97 	 S 	 23:44:09 2021
 	 23:44:28 2021
 	 19 
	 92 	 E 	 23:44:05 2021
 	 23:44:29 2021
 	 24 
	 100 	 S 	 23:44:13 2021
 	 23:44:30 2021
 	 17 
